# JRE version: OpenJDK Runtime Environment Temurin-21.0.10+7 (21.0.10+7) (build 21.0.10+7-LTS)
# Java VM: OpenJDK 64-Bit Server VM Temurin-21.0.10+7 (21.0.10+7-LTS, mixed mode, sharing, tiered, compressed oops, compressed class ptrs, parallel gc, windows-amd64)
GC Precious Log:
 CardTable entry size: 512
 CPUs: 32 total, 32 available
 Memory: 16002M
 Large Page Support: Disabled
 NUMA Support: Disabled
 Compressed Oops: Enabled (32-bit)
 Alignments: Space 512K, Generation 512K, Heap 2M
 Heap Min Capacity: 100M
 Heap Initial Capacity: 100M
 Heap Max Capacity: 2G
 Pre-touch: Disabled
 Parallel Workers: 23
Heap:
 PSYoungGen      total 3584K, used 666K [0x00000000d5580000, 0x00000000d5b80000, 0x0000000100000000)
  eden space 3072K, 5% used [0x00000000d5580000,0x00000000d55a6a18,0x00000000d5880000)
  from space 512K, 100% used [0x00000000d5a00000,0x00000000d5a80000,0x00000000d5a80000)
  to   space 1024K, 0% used [0x00000000d5a80000,0x00000000d5a80000,0x00000000d5b80000)
 ParOldGen       total 209408K, used 209237K [0x0000000080000000, 0x000000008cc80000, 0x00000000d5580000)
  object space 209408K, 99% used [0x0000000080000000,0x000000008cc55660,0x000000008cc80000)
 Metaspace       used 68550K, committed 70080K, reserved 1114112K
  class space    used 7092K, committed 7744K, reserved 1048576K
GC Heap History (20 events):
Event: 5861.214 GC heap before
{Heap before GC invocations=95 (full 3):
 PSYoungGen      total 6656K, used 4577K [0x00000000d5580000, 0x00000000d5f80000, 0x0000000100000000)
  eden space 3072K, 100% used [0x00000000d5580000,0x00000000d5880000,0x00000000d5880000)
  from space 3584K, 42% used [0x00000000d5a00000,0x00000000d5b78790,0x00000000d5d80000)
  to   space 2048K, 0% used [0x00000000d5d80000,0x00000000d5d80000,0x00000000d5f80000)
 ParOldGen       total 202240K, used 202092K [0x0000000080000000, 0x000000008c580000, 0x00000000d5580000)
  object space 202240K, 99% used [0x0000000080000000,0x000000008c55b3f0,0x000000008c580000)
 Metaspace       used 68306K, committed 69888K, reserved 1114112K
  class space    used 7090K, committed 7744K, reserved 1048576K
}
Event: 5861.216 GC heap after
{Heap after GC invocations=95 (full 3):
 PSYoungGen      total 4096K, used 992K [0x00000000d5580000, 0x00000000d5e80000, 0x0000000100000000)
  eden space 3072K, 0% used [0x00000000d5580000,0x00000000d5580000,0x00000000d5880000)
  from space 1024K, 96% used [0x00000000d5d80000,0x00000000d5e78000,0x00000000d5e80000)
  to   space 1536K, 0% used [0x00000000d5b80000,0x00000000d5b80000,0x00000000d5d00000)
 ParOldGen       total 203776K, used 203435K [0x0000000080000000, 0x000000008c700000, 0x00000000d5580000)
  object space 203776K, 99% used [0x0000000080000000,0x000000008c6aade8,0x000000008c700000)
 Metaspace       used 68306K, committed 69888K, reserved 1114112K
  class space    used 7090K, committed 7744K, reserved 1048576K
}
Event: 5861.239 GC heap before
{Heap before GC invocations=96 (full 3):
 PSYoungGen      total 4096K, used 4063K [0x00000000d5580000, 0x00000000d5e80000, 0x0000000100000000)
  eden space 3072K, 99% used [0x00000000d5580000,0x00000000d587fff8,0x00000000d5880000)
  from space 1024K, 96% used [0x00000000d5d80000,0x00000000d5e78000,0x00000000d5e80000)
  to   space 1536K, 0% used [0x00000000d5b80000,0x00000000d5b80000,0x00000000d5d00000)
 ParOldGen       total 203776K, used 203435K [0x0000000080000000, 0x000000008c700000, 0x00000000d5580000)
  object space 203776K, 99% used [0x0000000080000000,0x000000008c6aade8,0x000000008c700000)
 Metaspace       used 68334K, committed 69888K, reserved 1114112K
  class space    used 7090K, committed 7744K, reserved 1048576K
}
Event: 5861.241 GC heap after
{Heap after GC invocations=96 (full 3):
 PSYoungGen      total 4608K, used 1379K [0x00000000d5580000, 0x00000000d5e00000, 0x0000000100000000)
  eden space 3072K, 0% used [0x00000000d5580000,0x00000000d5580000,0x00000000d5880000)
  from space 1536K, 89% used [0x00000000d5b80000,0x00000000d5cd8e10,0x00000000d5d00000)
  to   space 1024K, 0% used [0x00000000d5d00000,0x00000000d5d00000,0x00000000d5e00000)
 ParOldGen       total 204288K, used 204223K [0x0000000080000000, 0x000000008c780000, 0x00000000d5580000)
  object space 204288K, 99% used [0x0000000080000000,0x000000008c76fcc8,0x000000008c780000)
 Metaspace       used 68334K, committed 69888K, reserved 1114112K
  class space    used 7090K, committed 7744K, reserved 1048576K
}
Event: 5861.255 GC heap before
{Heap before GC invocations=97 (full 3):
 PSYoungGen      total 4608K, used 4451K [0x00000000d5580000, 0x00000000d5e00000, 0x0000000100000000)
  eden space 3072K, 100% used [0x00000000d5580000,0x00000000d5880000,0x00000000d5880000)
  from space 1536K, 89% used [0x00000000d5b80000,0x00000000d5cd8e10,0x00000000d5d00000)
  to   space 1024K, 0% used [0x00000000d5d00000,0x00000000d5d00000,0x00000000d5e00000)
 ParOldGen       total 204288K, used 204223K [0x0000000080000000, 0x000000008c780000, 0x00000000d5580000)
  object space 204288K, 99% used [0x0000000080000000,0x000000008c76fcc8,0x000000008c780000)
 Metaspace       used 68335K, committed 69888K, reserved 1114112K
  class space    used 7090K, committed 7744K, reserved 1048576K
}
Event: 5861.256 GC heap after
{Heap after GC invocations=97 (full 3):
 PSYoungGen      total 4096K, used 992K [0x00000000d5580000, 0x00000000d5e00000, 0x0000000100000000)
  eden space 3072K, 0% used [0x00000000d5580000,0x00000000d5580000,0x00000000d5880000)
  from space 1024K, 96% used [0x00000000d5d00000,0x00000000d5df8020,0x00000000d5e00000)
  to   space 2560K, 0% used [0x00000000d5900000,0x00000000d5900000,0x00000000d5b80000)
 ParOldGen       total 205824K, used 205395K [0x0000000080000000, 0x000000008c900000, 0x00000000d5580000)
  object space 205824K, 99% used [0x0000000080000000,0x000000008c894e70,0x000000008c900000)
 Metaspace       used 68335K, committed 69888K, reserved 1114112K
  class space    used 7090K, committed 7744K, reserved 1048576K
}
Event: 5861.280 GC heap before
{Heap before GC invocations=98 (full 3):
 PSYoungGen      total 4096K, used 4064K [0x00000000d5580000, 0x00000000d5e00000, 0x0000000100000000)
  eden space 3072K, 100% used [0x00000000d5580000,0x00000000d5880000,0x00000000d5880000)
  from space 1024K, 96% used [0x00000000d5d00000,0x00000000d5df8020,0x00000000d5e00000)
  to   space 2560K, 0% used [0x00000000d5900000,0x00000000d5900000,0x00000000d5b80000)
 ParOldGen       total 205824K, used 205395K [0x0000000080000000, 0x000000008c900000, 0x00000000d5580000)
  object space 205824K, 99% used [0x0000000080000000,0x000000008c894e70,0x000000008c900000)
 Metaspace       used 68357K, committed 69888K, reserved 1114112K
  class space    used 7090K, committed 7744K, reserved 1048576K
}
Event: 5861.282 GC heap after
{Heap after GC invocations=98 (full 3):
 PSYoungGen      total 5632K, used 736K [0x00000000d5580000, 0x00000000d5d80000, 0x0000000100000000)
  eden space 3072K, 0% used [0x00000000d5580000,0x00000000d5580000,0x00000000d5880000)
  from space 2560K, 28% used [0x00000000d5900000,0x00000000d59b8000,0x00000000d5b80000)
  to   space 1536K, 0% used [0x00000000d5c00000,0x00000000d5c00000,0x00000000d5d80000)
 ParOldGen       total 206336K, used 206163K [0x0000000080000000, 0x000000008c980000, 0x00000000d5580000)
  object space 206336K, 99% used [0x0000000080000000,0x000000008c954e90,0x000000008c980000)
 Metaspace       used 68357K, committed 69888K, reserved 1114112K
  class space    used 7090K, committed 7744K, reserved 1048576K
}
Event: 5861.315 GC heap before
{Heap before GC invocations=99 (full 3):
 PSYoungGen      total 5632K, used 3808K [0x00000000d5580000, 0x00000000d5d80000, 0x0000000100000000)
  eden space 3072K, 100% used [0x00000000d5580000,0x00000000d5880000,0x00000000d5880000)
  from space 2560K, 28% used [0x00000000d5900000,0x00000000d59b8000,0x00000000d5b80000)
  to   space 1536K, 0% used [0x00000000d5c00000,0x00000000d5c00000,0x00000000d5d80000)
 ParOldGen       total 206336K, used 206163K [0x0000000080000000, 0x000000008c980000, 0x00000000d5580000)
  object space 206336K, 99% used [0x0000000080000000,0x000000008c954e90,0x000000008c980000)
 Metaspace       used 68379K, committed 69952K, reserved 1114112K
  class space    used 7090K, committed 7744K, reserved 1048576K
}
Event: 5861.316 GC heap after
{Heap after GC invocations=99 (full 3):
 PSYoungGen      total 4096K, used 631K [0x00000000d5580000, 0x00000000d5d00000, 0x0000000100000000)
  eden space 3072K, 0% used [0x00000000d5580000,0x00000000d5580000,0x00000000d5880000)
  from space 1024K, 61% used [0x00000000d5c00000,0x00000000d5c9dcc0,0x00000000d5d00000)
  to   space 1024K, 0% used [0x00000000d5b00000,0x00000000d5b00000,0x00000000d5c00000)
 ParOldGen       total 206848K, used 206540K [0x0000000080000000, 0x000000008ca00000, 0x00000000d5580000)
  object space 206848K, 99% used [0x0000000080000000,0x000000008c9b32b0,0x000000008ca00000)
 Metaspace       used 68379K, committed 69952K, reserved 1114112K
  class space    used 7090K, committed 7744K, reserved 1048576K
}
Event: 5861.415 GC heap before
{Heap before GC invocations=100 (full 3):
 PSYoungGen      total 4096K, used 3703K [0x00000000d5580000, 0x00000000d5d00000, 0x0000000100000000)
  eden space 3072K, 100% used [0x00000000d5580000,0x00000000d5880000,0x00000000d5880000)
  from space 1024K, 61% used [0x00000000d5c00000,0x00000000d5c9dcc0,0x00000000d5d00000)
  to   space 1024K, 0% used [0x00000000d5b00000,0x00000000d5b00000,0x00000000d5c00000)
 ParOldGen       total 206848K, used 206540K [0x0000000080000000, 0x000000008ca00000, 0x00000000d5580000)
  object space 206848K, 99% used [0x0000000080000000,0x000000008c9b32b0,0x000000008ca00000)
 Metaspace       used 68462K, committed 70016K, reserved 1114112K
  class space    used 7090K, committed 7744K, reserved 1048576K
}
Event: 5861.416 GC heap after
{Heap after GC invocations=100 (full 3):
 PSYoungGen      total 4096K, used 655K [0x00000000d5580000, 0x00000000d5c80000, 0x0000000100000000)
  eden space 3072K, 0% used [0x00000000d5580000,0x00000000d5580000,0x00000000d5880000)
  from space 1024K, 64% used [0x00000000d5b00000,0x00000000d5ba3fa0,0x00000000d5c00000)
  to   space 512K, 0% used [0x00000000d5c00000,0x00000000d5c00000,0x00000000d5c80000)
 ParOldGen       total 206848K, used 206805K [0x0000000080000000, 0x000000008ca00000, 0x00000000d5580000)
  object space 206848K, 99% used [0x0000000080000000,0x000000008c9f5590,0x000000008ca00000)
 Metaspace       used 68462K, committed 70016K, reserved 1114112K
  class space    used 7090K, committed 7744K, reserved 1048576K
}
Event: 5861.439 GC heap before
{Heap before GC invocations=101 (full 3):
 PSYoungGen      total 4096K, used 3727K [0x00000000d5580000, 0x00000000d5c80000, 0x0000000100000000)
  eden space 3072K, 100% used [0x00000000d5580000,0x00000000d5880000,0x00000000d5880000)
  from space 1024K, 64% used [0x00000000d5b00000,0x00000000d5ba3fa0,0x00000000d5c00000)
  to   space 512K, 0% used [0x00000000d5c00000,0x00000000d5c00000,0x00000000d5c80000)
 ParOldGen       total 206848K, used 206805K [0x0000000080000000, 0x000000008ca00000, 0x00000000d5580000)
  object space 206848K, 99% used [0x0000000080000000,0x000000008c9f5590,0x000000008ca00000)
 Metaspace       used 68477K, committed 70016K, reserved 1114112K
  class space    used 7092K, committed 7744K, reserved 1048576K
}
Event: 5861.441 GC heap after
{Heap after GC invocations=101 (full 3):
 PSYoungGen      total 3584K, used 512K [0x00000000d5580000, 0x00000000d5c80000, 0x0000000100000000)
  eden space 3072K, 0% used [0x00000000d5580000,0x00000000d5580000,0x00000000d5880000)
  from space 512K, 100% used [0x00000000d5c00000,0x00000000d5c80000,0x00000000d5c80000)
  to   space 2048K, 0% used [0x00000000d5880000,0x00000000d5880000,0x00000000d5a80000)
 ParOldGen       total 207872K, used 207855K [0x0000000080000000, 0x000000008cb00000, 0x00000000d5580000)
  object space 207872K, 99% used [0x0000000080000000,0x000000008cafbe30,0x000000008cb00000)
 Metaspace       used 68477K, committed 70016K, reserved 1114112K
  class space    used 7092K, committed 7744K, reserved 1048576K
}
Event: 5861.481 GC heap before
{Heap before GC invocations=102 (full 3):
 PSYoungGen      total 3584K, used 3584K [0x00000000d5580000, 0x00000000d5c80000, 0x0000000100000000)
  eden space 3072K, 100% used [0x00000000d5580000,0x00000000d5880000,0x00000000d5880000)
  from space 512K, 100% used [0x00000000d5c00000,0x00000000d5c80000,0x00000000d5c80000)
  to   space 2048K, 0% used [0x00000000d5880000,0x00000000d5880000,0x00000000d5a80000)
 ParOldGen       total 207872K, used 207855K [0x0000000080000000, 0x000000008cb00000, 0x00000000d5580000)
  object space 207872K, 99% used [0x0000000080000000,0x000000008cafbe30,0x000000008cb00000)
 Metaspace       used 68491K, committed 70016K, reserved 1114112K
  class space    used 7092K, committed 7744K, reserved 1048576K
}
Event: 5861.482 GC heap after
{Heap after GC invocations=102 (full 3):
 PSYoungGen      total 5120K, used 896K [0x00000000d5580000, 0x00000000d5c80000, 0x0000000100000000)
  eden space 3072K, 0% used [0x00000000d5580000,0x00000000d5580000,0x00000000d5880000)
  from space 2048K, 43% used [0x00000000d5880000,0x00000000d5960000,0x00000000d5a80000)
  to   space 1536K, 0% used [0x00000000d5b00000,0x00000000d5b00000,0x00000000d5c80000)
 ParOldGen       total 208896K, used 208415K [0x0000000080000000, 0x000000008cc00000, 0x00000000d5580000)
  object space 208896K, 99% used [0x0000000080000000,0x000000008cb87e30,0x000000008cc00000)
 Metaspace       used 68491K, committed 70016K, reserved 1114112K
  class space    used 7092K, committed 7744K, reserved 1048576K
}
Event: 35015.408 GC heap before
{Heap before GC invocations=103 (full 3):
 PSYoungGen      total 5120K, used 3968K [0x00000000d5580000, 0x00000000d5c80000, 0x0000000100000000)
  eden space 3072K, 100% used [0x00000000d5580000,0x00000000d5880000,0x00000000d5880000)
  from space 2048K, 43% used [0x00000000d5880000,0x00000000d5960000,0x00000000d5a80000)
  to   space 1536K, 0% used [0x00000000d5b00000,0x00000000d5b00000,0x00000000d5c80000)
 ParOldGen       total 208896K, used 208415K [0x0000000080000000, 0x000000008cc00000, 0x00000000d5580000)
  object space 208896K, 99% used [0x0000000080000000,0x000000008cb87e30,0x000000008cc00000)
 Metaspace       used 68529K, committed 70080K, reserved 1114112K
  class space    used 7092K, committed 7744K, reserved 1048576K
}
Event: 35015.448 GC heap after
{Heap after GC invocations=103 (full 3):
 PSYoungGen      total 4096K, used 695K [0x00000000d5580000, 0x00000000d5c00000, 0x0000000100000000)
  eden space 3072K, 0% used [0x00000000d5580000,0x00000000d5580000,0x00000000d5880000)
  from space 1024K, 67% used [0x00000000d5b00000,0x00000000d5baddd0,0x00000000d5c00000)
  to   space 1024K, 0% used [0x00000000d5a00000,0x00000000d5a00000,0x00000000d5b00000)
 ParOldGen       total 209408K, used 208976K [0x0000000080000000, 0x000000008cc80000, 0x00000000d5580000)
  object space 209408K, 99% used [0x0000000080000000,0x000000008cc14250,0x000000008cc80000)
 Metaspace       used 68529K, committed 70080K, reserved 1114112K
  class space    used 7092K, committed 7744K, reserved 1048576K
}
Event: 35015.516 GC heap before
{Heap before GC invocations=104 (full 3):
 PSYoungGen      total 4096K, used 3767K [0x00000000d5580000, 0x00000000d5c00000, 0x0000000100000000)
  eden space 3072K, 100% used [0x00000000d5580000,0x00000000d5880000,0x00000000d5880000)
  from space 1024K, 67% used [0x00000000d5b00000,0x00000000d5baddd0,0x00000000d5c00000)
  to   space 1024K, 0% used [0x00000000d5a00000,0x00000000d5a00000,0x00000000d5b00000)
 ParOldGen       total 209408K, used 208976K [0x0000000080000000, 0x000000008cc80000, 0x00000000d5580000)
  object space 209408K, 99% used [0x0000000080000000,0x000000008cc14250,0x000000008cc80000)
 Metaspace       used 68535K, committed 70080K, reserved 1114112K
  class space    used 7092K, committed 7744K, reserved 1048576K
}
Event: 35015.520 GC heap after
{Heap after GC invocations=104 (full 3):
 PSYoungGen      total 3584K, used 512K [0x00000000d5580000, 0x00000000d5b80000, 0x0000000100000000)
  eden space 3072K, 0% used [0x00000000d5580000,0x00000000d5580000,0x00000000d5880000)
  from space 512K, 100% used [0x00000000d5a00000,0x00000000d5a80000,0x00000000d5a80000)
  to   space 1024K, 0% used [0x00000000d5a80000,0x00000000d5a80000,0x00000000d5b80000)
 ParOldGen       total 209408K, used 209237K [0x0000000080000000, 0x000000008cc80000, 0x00000000d5580000)
  object space 209408K, 99% used [0x0000000080000000,0x000000008cc55660,0x000000008cc80000)
 Metaspace       used 68535K, committed 70080K, reserved 1114112K
  class space    used 7092K, committed 7744K, reserved 1048576K
}

