<?xml version="1.0" encoding="UTF-8"?>
<testsuite xmlns:xsi="http://www.w3.org/2001/XMLSchema-instance" xsi:noNamespaceSchemaLocation="https://maven.apache.org/surefire/maven-surefire-plugin/xsd/surefire-test-report-3.0.xsd" version="3.0" name="com.example.web.util.AuthTokenUtilTest" time="0.21" tests="8" errors="0" skipped="0" failures="0">
  <properties>
[...]
</properties>
  <testcase name="isValidToken_acceptsTypicalToken" classname="com.example.web.util.AuthTokenUtilTest" time="0.118">
    <system-out><![CDATA[[JUnit] 运行: isValidToken_acceptsTypicalToken()
[JUnit] 通过 — 本条测试没有问题: isValidToken_acceptsTypicalToken()
]]></system-out>
  </testcase>
  <testcase name="generateSessionKey_sameShapeAsAuthToken" classname="com.example.web.util.AuthTokenUtilTest" time="0.002">
    <system-out><![CDATA[[JUnit] 运行: generateSessionKey_sameShapeAsAuthToken()
[JUnit] 通过 — 本条测试没有问题: generateSessionKey_sameShapeAsAuthToken()
]]></system-out>
  </testcase>
  <testcase name="generateAuthToken_returnsNonEmptyAndUnique" classname="com.example.web.util.AuthTokenUtilTest" time="0.008">
    <system-out><![CDATA[[JUnit] 运行: repetition 1 of 5
[JUnit] 通过 — 本条测试没有问题: repetition 1 of 5
]]></system-out>
  </testcase>
  <testcase name="generateAuthToken_returnsNonEmptyAndUnique" classname="com.example.web.util.AuthTokenUtilTest" time="0.004">
    <system-out><![CDATA[[JUnit] 运行: repetition 2 of 5
[JUnit] 通过 — 本条测试没有问题: repetition 2 of 5
]]></system-out>
  </testcase>
  <testcase name="generateAuthToken_returnsNonEmptyAndUnique" classname="com.example.web.util.AuthTokenUtilTest" time="0.004">
    <system-out><![CDATA[[JUnit] 运行: repetition 3 of 5
[JUnit] 通过 — 本条测试没有问题: repetition 3 of 5
]]></system-out>
  </testcase>
  <testcase name="generateAuthToken_returnsNonEmptyAndUnique" classname="com.example.web.util.AuthTokenUtilTest" time="0.003">
    <system-out><![CDATA[[JUnit] 运行: repetition 4 of 5
[JUnit] 通过 — 本条测试没有问题: repetition 4 of 5
]]></system-out>
  </testcase>
  <testcase name="generateAuthToken_returnsNonEmptyAndUnique" classname="com.example.web.util.AuthTokenUtilTest" time="0.003">
    <system-out><![CDATA[[JUnit] 运行: repetition 5 of 5
[JUnit] 通过 — 本条测试没有问题: repetition 5 of 5
]]></system-out>
  </testcase>
  <testcase name="isValidToken_rejectsNullBlankAndShort" classname="com.example.web.util.AuthTokenUtilTest" time="0.002">
    <system-out><![CDATA[[JUnit] 运行: isValidToken_rejectsNullBlankAndShort()
[JUnit] 通过 — 本条测试没有问题: isValidToken_rejectsNullBlankAndShort()
]]></system-out>
  </testcase>
</testsuite>